<?xml version="1.0" encoding="UTF-8"?>
<!-- Generated by org.testng.reporters.JUnitReportReporter -->
<testsuite skipped="0" hostname="LAPTOP-M8A6C3IF" name="com.FDP.TestCases.TC_LoginTest_01" tests="1" failures="0" timestamp="2021-12-18T19:13:58 IST" time="2.410" errors="0">
  <testcase name="loginTest" time="2.410" classname="com.FDP.TestCases.TC_LoginTest_01"/>
  <system-out/>
</testsuite> <!-- com.FDP.TestCases.TC_LoginTest_01 -->
